This is pdfTeX, Version 3.141592653-2.6-1.40.25 (MiKTeX 23.10.12) (preloaded format=pdflatex 2023.12.2)  2 DEC 2023 20:13
entering extended mode
 restricted \write18 enabled.
 file:line:error style messages enabled.
 %&-line parsing enabled.
**"c:/Users/shepo/Desktop/Учебные материалы/3rd semestr/fp2/Fyzikální praktikum 2 (Elektromagnetické kmity v RLC obvodu) (č 6)/Fyzikální praktikum 2 (Elektromagnetické kmity v RLC obvodu) (č 6) latex.tex"
(c:/Users/shepo/Desktop/Учебные материалы/3rd semestr/fp2/Fyzikální praktikum 2 (Elektromagnetické kmity v RLC obvodu) (č 6)/Fyzikální praktikum 2 (Elektromagnetické kmity v RLC obvodu) (č 6) latex.tex
LaTeX2e <2023-11-01>
L3 programming layer <2023-11-09>
(C:\Users\shepo\AppData\Local\Programs\MiKTeX\tex/latex/base\article.cls
Document Class: article 2023/05/17 v1.4n Standard LaTeX document class
(C:\Users\shepo\AppData\Local\Programs\MiKTeX\tex/latex/base\size11.clo
File: size11.clo 2023/05/17 v1.4n Standard LaTeX file (size option)
)
\c@part=\count186
\c@section=\count187
\c@subsection=\count188
\c@subsubsection=\count189
\c@paragraph=\count190
\c@subparagraph=\count191
\c@figure=\count192
\c@table=\count193
\abovecaptionskip=\skip48
\belowcaptionskip=\skip49
\bibindent=\dimen140
) (C:\Users\shepo\AppData\Local\Programs\MiKTeX\tex/latex/base\inputenc.sty
Package: inputenc 2021/02/14 v1.3d Input encoding file
\inpenc@prehook=\toks17
\inpenc@posthook=\toks18
) (C:\Users\shepo\AppData\Local\Programs\MiKTeX\tex/latex/geometry\geometry.sty
Package: geometry 2020/01/02 v5.9 Page Geometry
 (C:\Users\shepo\AppData\Local\Programs\MiKTeX\tex/latex/graphics\keyval.sty
Package: keyval 2022/05/29 v1.15 key=value parser (DPC)
\KV@toks@=\toks19
) (C:\Users\shepo\AppData\Local\Programs\MiKTeX\tex/generic/iftex\ifvtex.sty
Package: ifvtex 2019/10/25 v1.7 ifvtex legacy package. Use iftex instead.
 (C:\Users\shepo\AppData\Local\Programs\MiKTeX\tex/generic/iftex\iftex.sty
Package: iftex 2022/02/03 v1.0f TeX engine tests
))
\Gm@cnth=\count194
\Gm@cntv=\count195
\c@Gm@tempcnt=\count196
\Gm@bindingoffset=\dimen141
\Gm@wd@mp=\dimen142
\Gm@odd@mp=\dimen143
\Gm@even@mp=\dimen144
\Gm@layoutwidth=\dimen145
\Gm@layoutheight=\dimen146
\Gm@layouthoffset=\dimen147
\Gm@layoutvoffset=\dimen148
\Gm@dimlist=\toks20
 (C:\Users\shepo\AppData\Local\Programs\MiKTeX\tex/latex/geometry\geometry.cfg))
\jmenopraktika=\toks21
\jmeno=\toks22
\datum=\toks23
\obor=\toks24
\skupina=\toks25
\rocnik=\toks26
\semestr=\toks27
\cisloulohy=\toks28
\jmenoulohy=\toks29
\tlak=\toks30
\teplota=\toks31
\vlhkost=\toks32
 (C:\Users\shepo\AppData\Local\Programs\MiKTeX\tex/latex/amsmath\amsmath.sty
Package: amsmath 2023/05/13 v2.17o AMS math features
\@mathmargin=\skip50

For additional information on amsmath, use the `?' option.
(C:\Users\shepo\AppData\Local\Programs\MiKTeX\tex/latex/amsmath\amstext.sty
Package: amstext 2021/08/26 v2.01 AMS text
 (C:\Users\shepo\AppData\Local\Programs\MiKTeX\tex/latex/amsmath\amsgen.sty
File: amsgen.sty 1999/11/30 v2.0 generic functions
\@emptytoks=\toks33
\ex@=\dimen149
)) (C:\Users\shepo\AppData\Local\Programs\MiKTeX\tex/latex/amsmath\amsbsy.sty
Package: amsbsy 1999/11/29 v1.2d Bold Symbols
\pmbraise@=\dimen150
) (C:\Users\shepo\AppData\Local\Programs\MiKTeX\tex/latex/amsmath\amsopn.sty
Package: amsopn 2022/04/08 v2.04 operator names
)
\inf@bad=\count197
LaTeX Info: Redefining \frac on input line 234.
\uproot@=\count198
\leftroot@=\count199
LaTeX Info: Redefining \overline on input line 399.
LaTeX Info: Redefining \colon on input line 410.
\classnum@=\count266
\DOTSCASE@=\count267
LaTeX Info: Redefining \ldots on input line 496.
LaTeX Info: Redefining \dots on input line 499.
LaTeX Info: Redefining \cdots on input line 620.
\Mathstrutbox@=\box51
\strutbox@=\box52
LaTeX Info: Redefining \big on input line 722.
LaTeX Info: Redefining \Big on input line 723.
LaTeX Info: Redefining \bigg on input line 724.
LaTeX Info: Redefining \Bigg on input line 725.
\big@size=\dimen151
LaTeX Font Info:    Redeclaring font encoding OML on input line 743.
LaTeX Font Info:    Redeclaring font encoding OMS on input line 744.
\macc@depth=\count268
LaTeX Info: Redefining \bmod on input line 905.
LaTeX Info: Redefining \pmod on input line 910.
LaTeX Info: Redefining \smash on input line 940.
LaTeX Info: Redefining \relbar on input line 970.
LaTeX Info: Redefining \Relbar on input line 971.
\c@MaxMatrixCols=\count269
\dotsspace@=\muskip16
\c@parentequation=\count270
\dspbrk@lvl=\count271
\tag@help=\toks34
\row@=\count272
\column@=\count273
\maxfields@=\count274
\andhelp@=\toks35
\eqnshift@=\dimen152
\alignsep@=\dimen153
\tagshift@=\dimen154
\tagwidth@=\dimen155
\totwidth@=\dimen156
\lineht@=\dimen157
\@envbody=\toks36
\multlinegap=\skip51
\multlinetaggap=\skip52
\mathdisplay@stack=\toks37
LaTeX Info: Redefining \[ on input line 2953.
LaTeX Info: Redefining \] on input line 2954.
) (C:\Users\shepo\AppData\Local\Programs\MiKTeX\tex/latex/mathtools\mathtools.sty
Package: mathtools 2022/06/29 v1.29 mathematical typesetting tools
 (C:\Users\shepo\AppData\Local\Programs\MiKTeX\tex/latex/tools\calc.sty
Package: calc 2023/07/08 v4.3 Infix arithmetic (KKT,FJ)
\calc@Acount=\count275
\calc@Bcount=\count276
\calc@Adimen=\dimen158
\calc@Bdimen=\dimen159
\calc@Askip=\skip53
\calc@Bskip=\skip54
LaTeX Info: Redefining \setlength on input line 80.
LaTeX Info: Redefining \addtolength on input line 81.
\calc@Ccount=\count277
\calc@Cskip=\skip55
) (C:\Users\shepo\AppData\Local\Programs\MiKTeX\tex/latex/mathtools\mhsetup.sty
Package: mhsetup 2021/03/18 v1.4 programming setup (MH)
)
\g_MT_multlinerow_int=\count278
\l_MT_multwidth_dim=\dimen160
\origjot=\skip56
\l_MT_shortvdotswithinadjustabove_dim=\dimen161
\l_MT_shortvdotswithinadjustbelow_dim=\dimen162
\l_MT_above_intertext_sep=\dimen163
\l_MT_below_intertext_sep=\dimen164
\l_MT_above_shortintertext_sep=\dimen165
\l_MT_below_shortintertext_sep=\dimen166
\xmathstrut@box=\box53
\xmathstrut@dim=\dimen167
) (C:\Users\shepo\AppData\Local\Programs\MiKTeX\tex/latex/graphics\graphicx.sty
Package: graphicx 2021/09/16 v1.2d Enhanced LaTeX Graphics (DPC,SPQR)
 (C:\Users\shepo\AppData\Local\Programs\MiKTeX\tex/latex/graphics\graphics.sty
Package: graphics 2022/03/10 v1.4e Standard LaTeX Graphics (DPC,SPQR)
 (C:\Users\shepo\AppData\Local\Programs\MiKTeX\tex/latex/graphics\trig.sty
Package: trig 2021/08/11 v1.11 sin cos tan (DPC)
) (C:\Users\shepo\AppData\Local\Programs\MiKTeX\tex/latex/graphics-cfg\graphics.cfg
File: graphics.cfg 2016/06/04 v1.11 sample graphics configuration
)
Package graphics Info: Driver file: pdftex.def on input line 107.
 (C:\Users\shepo\AppData\Local\Programs\MiKTeX\tex/latex/graphics-def\pdftex.def
File: pdftex.def 2022/09/22 v1.2b Graphics/color driver for pdftex
))
\Gin@req@height=\dimen168
\Gin@req@width=\dimen169
) (C:\Users\shepo\AppData\Local\Programs\MiKTeX\tex/latex/multirow\multirow.sty
Package: multirow 2021/03/15 v2.8 Span multiple rows of a table
\multirow@colwidth=\skip57
\multirow@cntb=\count279
\multirow@dima=\skip58
\bigstrutjot=\dimen170
) (C:\Users\shepo\AppData\Local\Programs\MiKTeX\tex/generic/babel\babel.sty
Package: babel 2023/11/11 v3.97 The Babel package
\babel@savecnt=\count280
\U@D=\dimen171
\l@unhyphenated=\language79
 (C:\Users\shepo\AppData\Local\Programs\MiKTeX\tex/generic/babel\txtbabel.def)
\bbl@readstream=\read2
\bbl@dirlevel=\count281

*************************************
* Local config file bblopts.cfg used
*
(C:\Users\shepo\AppData\Local\Programs\MiKTeX\tex/latex/arabi\bblopts.cfg
File: bblopts.cfg 2005/09/08 v0.1 add Arabic and Farsi to "declared" options of babel
) (C:\Users\shepo\AppData\Local\Programs\MiKTeX\tex/latex/babel-czech\czech.ldf
Language: czech 2008/07/06 v3.1a Czech support from the babel system
Package babel Info: Making " an active character on input line 172.
\cs@wordlen=\count282
Package babel Info: Making - an active character on input line 226.
)) (C:\Users\shepo\AppData\Local\Programs\MiKTeX\tex/generic/babel/locale/cs\babel-czech.tex
Package babel Info: Importing font and identification data for czech
(babel)             from babel-cs.ini. Reported on input line 11.
) (C:\Users\shepo\AppData\Local\Programs\MiKTeX\tex/latex/tools\xspace.sty
Package: xspace 2014/10/28 v1.13 Space after command names (DPC,MH)
) (C:\Users\shepo\AppData\Local\Programs\MiKTeX\tex/latex/url\url.sty
\Urlmuskip=\muskip17
Package: url 2013/09/16  ver 3.4  Verb mode for urls, etc.
) (C:\Users\shepo\AppData\Local\Programs\MiKTeX\tex/latex/tools\indentfirst.sty
Package: indentfirst 2023/07/02 v1.03 Indent first paragraph (DPC)
) (C:\Users\shepo\AppData\Local\Programs\MiKTeX\tex/latex/listings\listings.sty
\lst@mode=\count283
\lst@gtempboxa=\box54
\lst@token=\toks38
\lst@length=\count284
\lst@currlwidth=\dimen172
\lst@column=\count285
\lst@pos=\count286
\lst@lostspace=\dimen173
\lst@width=\dimen174
\lst@newlines=\count287
\lst@lineno=\count288
\lst@maxwidth=\dimen175
 (C:\Users\shepo\AppData\Local\Programs\MiKTeX\tex/latex/listings\lstmisc.sty
File: lstmisc.sty 2023/02/27 1.9 (Carsten Heinz)
\c@lstnumber=\count289
\lst@skipnumbers=\count290
\lst@framebox=\box55
) (C:\Users\shepo\AppData\Local\Programs\MiKTeX\tex/latex/listings\listings.cfg
File: listings.cfg 2023/02/27 1.9 listings configuration
))
Package: listings 2023/02/27 1.9 (Carsten Heinz)
 (C:\Users\shepo\AppData\Local\Programs\MiKTeX\tex/latex/caption\subcaption.sty
Package: subcaption 2023/07/28 v1.6b Sub-captions (AR)
 (C:\Users\shepo\AppData\Local\Programs\MiKTeX\tex/latex/caption\caption.sty
Package: caption 2023/08/05 v3.6o Customizing captions (AR)
 (C:\Users\shepo\AppData\Local\Programs\MiKTeX\tex/latex/caption\caption3.sty
Package: caption3 2023/07/31 v2.4d caption3 kernel (AR)
\caption@tempdima=\dimen176
\captionmargin=\dimen177
\caption@leftmargin=\dimen178
\caption@rightmargin=\dimen179
\caption@width=\dimen180
\caption@indent=\dimen181
\caption@parindent=\dimen182
\caption@hangindent=\dimen183
Package caption Info: Standard document class detected.
)
\c@caption@flags=\count291
\c@continuedfloat=\count292
Package caption Info: listings package is loaded.
)
Package caption Info: New subtype `subfigure' on input line 238.
\c@subfigure=\count293
Package caption Info: New subtype `subtable' on input line 238.
\c@subtable=\count294
) (C:\Users\shepo\AppData\Local\Programs\MiKTeX\tex/latex/tools\tabularx.sty
Package: tabularx 2023/07/08 v2.11c `tabularx' package (DPC)
 (C:\Users\shepo\AppData\Local\Programs\MiKTeX\tex/latex/tools\array.sty
Package: array 2023/10/16 v2.5g Tabular extension package (FMi)
\col@sep=\dimen184
\ar@mcellbox=\box56
\extrarowheight=\dimen185
\NC@list=\toks39
\extratabsurround=\skip59
\backup@length=\skip60
\ar@cellbox=\box57
)
\TX@col@width=\dimen186
\TX@old@table=\dimen187
\TX@old@col=\dimen188
\TX@target=\dimen189
\TX@delta=\dimen190
\TX@cols=\count295
\TX@ftn=\toks40
) (C:\Users\shepo\AppData\Local\Programs\MiKTeX\tex/latex/l3backend\l3backend-pdftex.def
File: l3backend-pdftex.def 2023-11-09 L3 backend support: PDF output (pdfTeX)
\l__color_backend_stack_int=\count296
\l__pdf_internal_box=\box58
) (Fyzikální praktikum 2 (Elektromagnetické kmity v RLC obvodu) (č 6) latex.aux)
\openout1 = `"Fyzikální praktikum 2 (Elektromagnetické kmity v RLC obvodu) (č 6) latex.aux"'.

LaTeX Font Info:    Checking defaults for OML/cmm/m/it on input line 78.
LaTeX Font Info:    ... okay on input line 78.
LaTeX Font Info:    Checking defaults for OMS/cmsy/m/n on input line 78.
LaTeX Font Info:    ... okay on input line 78.
LaTeX Font Info:    Checking defaults for OT1/cmr/m/n on input line 78.
LaTeX Font Info:    ... okay on input line 78.
LaTeX Font Info:    Checking defaults for T1/cmr/m/n on input line 78.
LaTeX Font Info:    ... okay on input line 78.
LaTeX Font Info:    Checking defaults for TS1/cmr/m/n on input line 78.
LaTeX Font Info:    ... okay on input line 78.
LaTeX Font Info:    Checking defaults for OMX/cmex/m/n on input line 78.
LaTeX Font Info:    ... okay on input line 78.
LaTeX Font Info:    Checking defaults for U/cmr/m/n on input line 78.
LaTeX Font Info:    ... okay on input line 78.

*geometry* driver: auto-detecting
*geometry* detected driver: pdftex
*geometry* verbose mode - [ preamble ] result:
* driver: pdftex
* paper: a4paper
* layout: <same size as paper>
* layoutoffset:(h,v)=(0.0pt,0.0pt)
* modes: 
* h-part:(L,W,R)=(56.9055pt, 483.69687pt, 56.9055pt)
* v-part:(T,H,B)=(56.9055pt, 731.23584pt, 56.9055pt)
* \paperwidth=597.50787pt
* \paperheight=845.04684pt
* \textwidth=483.69687pt
* \textheight=731.23584pt
* \oddsidemargin=-15.36449pt
* \evensidemargin=-15.36449pt
* \topmargin=-52.36449pt
* \headheight=12.0pt
* \headsep=25.0pt
* \topskip=11.0pt
* \footskip=30.0pt
* \marginparwidth=50.0pt
* \marginparsep=10.0pt
* \columnsep=10.0pt
* \skip\footins=10.0pt plus 4.0pt minus 2.0pt
* \hoffset=0.0pt
* \voffset=0.0pt
* \mag=1000
* \@twocolumnfalse
* \@twosidefalse
* \@mparswitchfalse
* \@reversemarginfalse
* (1in=72.27pt=25.4mm, 1cm=28.453pt)

(C:\Users\shepo\AppData\Local\Programs\MiKTeX\tex/context/base/mkii\supp-pdf.mkii
[Loading MPS to PDF converter (version 2006.09.02).]
\scratchcounter=\count297
\scratchdimen=\dimen191
\scratchbox=\box59
\nofMPsegments=\count298
\nofMParguments=\count299
\everyMPshowfont=\toks41
\MPscratchCnt=\count300
\MPscratchDim=\dimen192
\MPnumerator=\count301
\makeMPintoPDFobject=\count302
\everyMPtoPDFconversion=\toks42
) (C:\Users\shepo\AppData\Local\Programs\MiKTeX\tex/latex/epstopdf-pkg\epstopdf-base.sty
Package: epstopdf-base 2020-01-24 v2.11 Base part for package epstopdf
Package epstopdf-base Info: Redefining graphics rule for `.eps' on input line 485.
 (C:\Users\shepo\AppData\Local\Programs\MiKTeX\tex/latex/00miktex\epstopdf-sys.cfg
File: epstopdf-sys.cfg 2021/03/18 v2.0 Configuration of epstopdf for MiKTeX
))
\c@lstlisting=\count303
Package caption Info: Begin \AtBeginDocument code.
Package caption Info: End \AtBeginDocument code.

Overfull \hbox (2.43333pt too wide) in paragraph at lines 95--106
 []
 []


Underfull \hbox (badness 10000) in paragraph at lines 95--106

 []


Overfull \hbox (17.0pt too wide) in paragraph at lines 122--128
[][] 
 []

<./images/rlc.png, id=1, 220.57407pt x 291.33844pt>
File: ./images/rlc.png Graphic file (type png)
<use ./images/rlc.png>
Package pdftex.def Info: ./images/rlc.png  used on input line 151.
(pdftex.def)             Requested size: 88.22806pt x 116.53331pt.

Overfull \hbox (31.86667pt too wide) in paragraph at lines 130--160
[][]   [] 
 []

[1

{C:/Users/shepo/AppData/Local/MiKTeX/fonts/map/pdftex/pdftex.map} <./images/rlc.png>]
<./images/imp1.png, id=20, 302.63063pt x 212.29312pt>
File: ./images/imp1.png Graphic file (type png)
<use ./images/imp1.png>
Package pdftex.def Info: ./images/imp1.png  used on input line 163.
(pdftex.def)             Requested size: 151.31494pt x 106.1463pt.

Underfull \hbox (badness 1024) in paragraph at lines 198--199
[]\OT1/cmr/m/n/10.95 Rezonan^^Tcn^^S^^P ^^Suhlovou frek-venci $\OML/cmm/m/it/10.95 ![]$ \OT1/cmr/m/n/10.95 lze zjis-tit ze
 []


Underfull \hbox (badness 1057) in paragraph at lines 217--219
\OT1/cmr/m/n/10.95 iden-ti-fi-ko-vat hod-notu od-poru $\OML/cmm/m/it/10.95 R[]$\OT1/cmr/m/n/10.95 . V p^^Tr^^S^^Ppad^^Te
 []


Overfull \hbox (31.86667pt too wide) in paragraph at lines 161--229
[][]   [] 
 []

[2 <./images/imp1.png>]
<./images/imp2.png, id=30, 323.70938pt x 224.33812pt>
File: ./images/imp2.png Graphic file (type png)
<use ./images/imp2.png>
Package pdftex.def Info: ./images/imp2.png  used on input line 232.
(pdftex.def)             Requested size: 161.8543pt x 112.16878pt.

Overfull \hbox (31.86667pt too wide) in paragraph at lines 230--391
[][]   [] 
 []


Overfull \vbox (22.04562pt too high) has occurred while \output is active []

 [3 <./images/imp2.png>]
<./images/G.png, id=36, 729.927pt x 708.9687pt>
File: ./images/G.png Graphic file (type png)
<use ./images/G.png>
Package pdftex.def Info: ./images/G.png  used on input line 519.
(pdftex.def)             Requested size: 218.97978pt x 212.69225pt.

Overfull \hbox (31.86667pt too wide) in paragraph at lines 392--525
[][]   [] 
 []

[4 <./images/G.png>]
<./images/phi_G.png, id=42, 709.6914pt x 708.9687pt>
File: ./images/phi_G.png Graphic file (type png)
<use ./images/phi_G.png>
Package pdftex.def Info: ./images/phi_G.png  used on input line 529.
(pdftex.def)             Requested size: 212.90906pt x 212.69225pt.
<./images/pod_krit.png, id=43, 719.8092pt x 708.9687pt>
File: ./images/pod_krit.png Graphic file (type png)
<use ./images/pod_krit.png>
Package pdftex.def Info: ./images/pod_krit.png  used on input line 587.
(pdftex.def)             Requested size: 215.94441pt x 212.69225pt.
<./images/pod_krit_fit.png, id=44, 714.0276pt x 708.9687pt>
File: ./images/pod_krit_fit.png Graphic file (type png)
<use ./images/pod_krit_fit.png>
Package pdftex.def Info: ./images/pod_krit_fit.png  used on input line 600.
(pdftex.def)             Requested size: 214.20993pt x 212.69225pt.

Overfull \hbox (31.86667pt too wide) in paragraph at lines 526--607
[][]   [] 
 []


Overfull \vbox (28.39401pt too high) has occurred while \output is active []

 [5 <./images/phi_G.png> <./images/pod_krit.png> <./images/pod_krit_fit.png>]
<./images/krit.png, id=51, 715.473pt x 708.9687pt>
File: ./images/krit.png Graphic file (type png)
<use ./images/krit.png>
Package pdftex.def Info: ./images/krit.png  used on input line 634.
(pdftex.def)             Requested size: 214.64355pt x 212.69225pt.
<./images/nad_krit.png, id=52, 710.4141pt x 708.9687pt>
File: ./images/nad_krit.png Graphic file (type png)
<use ./images/nad_krit.png>
Package pdftex.def Info: ./images/nad_krit.png  used on input line 656.
(pdftex.def)             Requested size: 213.12587pt x 212.69225pt.
<./images/nad_krit_fit.png, id=53, 728.4816pt x 708.9687pt>
File: ./images/nad_krit_fit.png Graphic file (type png)
<use ./images/nad_krit_fit.png>
Package pdftex.def Info: ./images/nad_krit_fit.png  used on input line 665.
(pdftex.def)             Requested size: 218.54616pt x 212.69225pt.

Overfull \hbox (31.86667pt too wide) in paragraph at lines 608--672
[][]   [] 
 []

[6 <./images/krit.png> <./images/nad_krit.png> <./images/nad_krit_fit.png>]
c:/Users/shepo/Desktop/Учебные материалы/3rd semestr/fp2/Fyzikální praktikum 2 (Elektromagnetické kmity v RLC obvodu) (č 6)/Fyzikální praktikum 2 (Elektromagnetické kmity v RLC obvodu) (č 6) latex.tex:688: Undefined control sequence.
l.688 ...a knihovna Uncertinties pro Python: \href
                                                  {pypi.org/project/uncertai...
The control sequence at the end of the top line
of your error message was never \def'ed. If you have
misspelled it (e.g., `\hobx'), type `I' and the correct
spelling (e.g., `I\hbox'). Otherwise just continue,
and I'll forget about whatever was undefined.


Underfull \hbox (badness 10000) in paragraph at lines 688--689
\OT1/cmr/m/n/10.95 K v^^Sypo^^Tctu veli^^Tcin a je-jich ne-jis-tot byla
 []


Underfull \hbox (badness 10000) in paragraph at lines 688--689
\OT1/cmr/m/n/10.95 pou^^Tzita knihovna Un-cer-tin-ties pro Py-thon:
 []


Underfull \hbox (badness 2469) in paragraph at lines 692--692
[]\OT1/cmr/bx/n/12 Frekven^^Tcn^^S^^P cha-rak-te-ris-tika ob-vodu
 []


Underfull \hbox (badness 1242) in paragraph at lines 693--694
\OT1/cmr/m/n/10.95 Nam^^Te^^Tren^^Sa hod-nota os-cila^^Tcn^^S^^P s^^S^^Ply $\OML/cmm/m/it/10.95 F$ \OT1/cmr/m/n/10.95 = 8.67(4)
 []


Overfull \hbox (31.86667pt too wide) in paragraph at lines 673--702
[][]   [] 
 []

[7] (C:\Users\shepo\AppData\Local\Programs\MiKTeX\tex/latex/listings\lstlang1.sty
File: lstlang1.sty 2023/02/27 1.9 listings language file
) [8]
LaTeX Font Info:    Trying to load font information for OMS+cmr on input line 853.
 (C:\Users\shepo\AppData\Local\Programs\MiKTeX\tex/latex/base\omscmr.fd
File: omscmr.fd 2023/04/13 v2.5m Standard LaTeX font definitions
)
LaTeX Font Info:    Font shape `OMS/cmr/m/it' in size <6> not available
(Font)              Font shape `OMS/cmsy/m/n' tried instead on input line 853.
 [9] [10] (Fyzikální praktikum 2 (Elektromagnetické kmity v RLC obvodu) (č 6) latex.aux)
 ***********
LaTeX2e <2023-11-01>
L3 programming layer <2023-11-09>
 ***********
 ) 
Here is how much of TeX's memory you used:
 8300 strings out of 474587
 137089 string characters out of 5745702
 2459558 words of memory out of 5000000
 30402 multiletter control sequences out of 15000+600000
 568609 words of font info for 72 fonts, out of 8000000 for 9000
 1141 hyphenation exceptions out of 8191
 67i,11n,77p,1184b,1803s stack positions out of 10000i,1000n,20000p,200000b,200000s
 <C:\Users\shepo\AppData\Local\MiKTeX\fonts/pk/ljfour/jknappen/ec/dpi600\tcti0600.pk> <C:\Users\shepo\AppData\Local\MiKTeX\fonts/pk/ljfour/jknappen/ec/dpi600\tcrm0600.pk><C:/Users/shepo/AppData/Local/Programs/MiKTeX/fonts/type1/public/amsfonts/cm/cmbx12.pfb><C:/Users/shepo/AppData/Local/Programs/MiKTeX/fonts/type1/public/amsfonts/cm/cmbx6.pfb><C:/Users/shepo/AppData/Local/Programs/MiKTeX/fonts/type1/public/amsfonts/cm/cmex10.pfb><C:/Users/shepo/AppData/Local/Programs/MiKTeX/fonts/type1/public/amsfonts/cmextra/cmex9.pfb><C:/Users/shepo/AppData/Local/Programs/MiKTeX/fonts/type1/public/amsfonts/cm/cmmi10.pfb><C:/Users/shepo/AppData/Local/Programs/MiKTeX/fonts/type1/public/amsfonts/cm/cmmi12.pfb><C:/Users/shepo/AppData/Local/Programs/MiKTeX/fonts/type1/public/amsfonts/cm/cmmi6.pfb><C:/Users/shepo/AppData/Local/Programs/MiKTeX/fonts/type1/public/amsfonts/cm/cmmi8.pfb><C:/Users/shepo/AppData/Local/Programs/MiKTeX/fonts/type1/public/amsfonts/cm/cmmi9.pfb><C:/Users/shepo/AppData/Local/Programs/MiKTeX/fonts/type1/public/amsfonts/cm/cmr10.pfb><C:/Users/shepo/AppData/Local/Programs/MiKTeX/fonts/type1/public/amsfonts/cm/cmr12.pfb><C:/Users/shepo/AppData/Local/Programs/MiKTeX/fonts/type1/public/amsfonts/cm/cmr6.pfb><C:/Users/shepo/AppData/Local/Programs/MiKTeX/fonts/type1/public/amsfonts/cm/cmr8.pfb><C:/Users/shepo/AppData/Local/Programs/MiKTeX/fonts/type1/public/amsfonts/cm/cmr9.pfb><C:/Users/shepo/AppData/Local/Programs/MiKTeX/fonts/type1/public/amsfonts/cm/cmss12.pfb><C:/Users/shepo/AppData/Local/Programs/MiKTeX/fonts/type1/public/amsfonts/cm/cmssbx10.pfb><C:/Users/shepo/AppData/Local/Programs/MiKTeX/fonts/type1/public/amsfonts/cm/cmsy10.pfb><C:/Users/shepo/AppData/Local/Programs/MiKTeX/fonts/type1/public/amsfonts/cm/cmsy6.pfb><C:/Users/shepo/AppData/Local/Programs/MiKTeX/fonts/type1/public/amsfonts/cm/cmsy8.pfb><C:/Users/shepo/AppData/Local/Programs/MiKTeX/fonts/type1/public/amsfonts/cm/cmsy9.pfb><C:/Users/shepo/AppData/Local/Programs/MiKTeX/fonts/type1/public/amsfonts/cm/cmti7.pfb>
Output written on "Fyzikální praktikum 2 (Elektromagnetické kmity v RLC obvodu) (č 6) latex.pdf" (10 pages, 613931 bytes).
PDF statistics:
 172 PDF objects out of 1000 (max. 8388607)
 0 named destinations out of 1000 (max. 500000)
 51 words of extra memory for PDF output out of 10000 (max. 10000000)

