This is pdfTeX, Version 3.141592653-2.6-1.40.25 (MiKTeX 23.10.12) (preloaded format=pdflatex 2023.12.2)  2 DEC 2023 20:09
entering extended mode
 restricted \write18 enabled.
 file:line:error style messages enabled.
 %&-line parsing enabled.
**"c:/Users/shepo/Desktop/Учебные материалы/3rd semestr/fp2/Fyzikální praktikum 2 (Elektrické pole, můstkové metody měření odporu) (č 3)/Fyzikální praktikum 2 (Elektrické pole, můstkové metody měření odporu) (č 3) latex.tex"
(c:/Users/shepo/Desktop/Учебные материалы/3rd semestr/fp2/Fyzikální praktikum 2 (Elektrické pole, můstkové metody měření odporu) (č 3)/Fyzikální praktikum 2 (Elektrické pole, můstkové metody měření odporu) (č 3) latex.tex
LaTeX2e <2023-11-01>
L3 programming layer <2023-11-09>
(C:\Users\shepo\AppData\Local\Programs\MiKTeX\tex/latex/base\article.cls
Document Class: article 2023/05/17 v1.4n Standard LaTeX document class
(C:\Users\shepo\AppData\Local\Programs\MiKTeX\tex/latex/base\size11.clo
File: size11.clo 2023/05/17 v1.4n Standard LaTeX file (size option)
)
\c@part=\count186
\c@section=\count187
\c@subsection=\count188
\c@subsubsection=\count189
\c@paragraph=\count190
\c@subparagraph=\count191
\c@figure=\count192
\c@table=\count193
\abovecaptionskip=\skip48
\belowcaptionskip=\skip49
\bibindent=\dimen140
) (C:\Users\shepo\AppData\Local\Programs\MiKTeX\tex/latex/base\inputenc.sty
Package: inputenc 2021/02/14 v1.3d Input encoding file
\inpenc@prehook=\toks17
\inpenc@posthook=\toks18
) (C:\Users\shepo\AppData\Local\Programs\MiKTeX\tex/latex/geometry\geometry.sty
Package: geometry 2020/01/02 v5.9 Page Geometry
 (C:\Users\shepo\AppData\Local\Programs\MiKTeX\tex/latex/graphics\keyval.sty
Package: keyval 2022/05/29 v1.15 key=value parser (DPC)
\KV@toks@=\toks19
) (C:\Users\shepo\AppData\Local\Programs\MiKTeX\tex/generic/iftex\ifvtex.sty
Package: ifvtex 2019/10/25 v1.7 ifvtex legacy package. Use iftex instead.
 (C:\Users\shepo\AppData\Local\Programs\MiKTeX\tex/generic/iftex\iftex.sty
Package: iftex 2022/02/03 v1.0f TeX engine tests
))
\Gm@cnth=\count194
\Gm@cntv=\count195
\c@Gm@tempcnt=\count196
\Gm@bindingoffset=\dimen141
\Gm@wd@mp=\dimen142
\Gm@odd@mp=\dimen143
\Gm@even@mp=\dimen144
\Gm@layoutwidth=\dimen145
\Gm@layoutheight=\dimen146
\Gm@layouthoffset=\dimen147
\Gm@layoutvoffset=\dimen148
\Gm@dimlist=\toks20
 (C:\Users\shepo\AppData\Local\Programs\MiKTeX\tex/latex/geometry\geometry.cfg))
\jmenopraktika=\toks21
\jmeno=\toks22
\datum=\toks23
\obor=\toks24
\skupina=\toks25
\rocnik=\toks26
\semestr=\toks27
\cisloulohy=\toks28
\jmenoulohy=\toks29
\tlak=\toks30
\teplota=\toks31
\vlhkost=\toks32
 (C:\Users\shepo\AppData\Local\Programs\MiKTeX\tex/latex/amsmath\amsmath.sty
Package: amsmath 2023/05/13 v2.17o AMS math features
\@mathmargin=\skip50

For additional information on amsmath, use the `?' option.
(C:\Users\shepo\AppData\Local\Programs\MiKTeX\tex/latex/amsmath\amstext.sty
Package: amstext 2021/08/26 v2.01 AMS text
 (C:\Users\shepo\AppData\Local\Programs\MiKTeX\tex/latex/amsmath\amsgen.sty
File: amsgen.sty 1999/11/30 v2.0 generic functions
\@emptytoks=\toks33
\ex@=\dimen149
)) (C:\Users\shepo\AppData\Local\Programs\MiKTeX\tex/latex/amsmath\amsbsy.sty
Package: amsbsy 1999/11/29 v1.2d Bold Symbols
\pmbraise@=\dimen150
) (C:\Users\shepo\AppData\Local\Programs\MiKTeX\tex/latex/amsmath\amsopn.sty
Package: amsopn 2022/04/08 v2.04 operator names
)
\inf@bad=\count197
LaTeX Info: Redefining \frac on input line 234.
\uproot@=\count198
\leftroot@=\count199
LaTeX Info: Redefining \overline on input line 399.
LaTeX Info: Redefining \colon on input line 410.
\classnum@=\count266
\DOTSCASE@=\count267
LaTeX Info: Redefining \ldots on input line 496.
LaTeX Info: Redefining \dots on input line 499.
LaTeX Info: Redefining \cdots on input line 620.
\Mathstrutbox@=\box51
\strutbox@=\box52
LaTeX Info: Redefining \big on input line 722.
LaTeX Info: Redefining \Big on input line 723.
LaTeX Info: Redefining \bigg on input line 724.
LaTeX Info: Redefining \Bigg on input line 725.
\big@size=\dimen151
LaTeX Font Info:    Redeclaring font encoding OML on input line 743.
LaTeX Font Info:    Redeclaring font encoding OMS on input line 744.
\macc@depth=\count268
LaTeX Info: Redefining \bmod on input line 905.
LaTeX Info: Redefining \pmod on input line 910.
LaTeX Info: Redefining \smash on input line 940.
LaTeX Info: Redefining \relbar on input line 970.
LaTeX Info: Redefining \Relbar on input line 971.
\c@MaxMatrixCols=\count269
\dotsspace@=\muskip16
\c@parentequation=\count270
\dspbrk@lvl=\count271
\tag@help=\toks34
\row@=\count272
\column@=\count273
\maxfields@=\count274
\andhelp@=\toks35
\eqnshift@=\dimen152
\alignsep@=\dimen153
\tagshift@=\dimen154
\tagwidth@=\dimen155
\totwidth@=\dimen156
\lineht@=\dimen157
\@envbody=\toks36
\multlinegap=\skip51
\multlinetaggap=\skip52
\mathdisplay@stack=\toks37
LaTeX Info: Redefining \[ on input line 2953.
LaTeX Info: Redefining \] on input line 2954.
) (C:\Users\shepo\AppData\Local\Programs\MiKTeX\tex/latex/mathtools\mathtools.sty
Package: mathtools 2022/06/29 v1.29 mathematical typesetting tools
 (C:\Users\shepo\AppData\Local\Programs\MiKTeX\tex/latex/tools\calc.sty
Package: calc 2023/07/08 v4.3 Infix arithmetic (KKT,FJ)
\calc@Acount=\count275
\calc@Bcount=\count276
\calc@Adimen=\dimen158
\calc@Bdimen=\dimen159
\calc@Askip=\skip53
\calc@Bskip=\skip54
LaTeX Info: Redefining \setlength on input line 80.
LaTeX Info: Redefining \addtolength on input line 81.
\calc@Ccount=\count277
\calc@Cskip=\skip55
) (C:\Users\shepo\AppData\Local\Programs\MiKTeX\tex/latex/mathtools\mhsetup.sty
Package: mhsetup 2021/03/18 v1.4 programming setup (MH)
)
\g_MT_multlinerow_int=\count278
\l_MT_multwidth_dim=\dimen160
\origjot=\skip56
\l_MT_shortvdotswithinadjustabove_dim=\dimen161
\l_MT_shortvdotswithinadjustbelow_dim=\dimen162
\l_MT_above_intertext_sep=\dimen163
\l_MT_below_intertext_sep=\dimen164
\l_MT_above_shortintertext_sep=\dimen165
\l_MT_below_shortintertext_sep=\dimen166
\xmathstrut@box=\box53
\xmathstrut@dim=\dimen167
) (C:\Users\shepo\AppData\Local\Programs\MiKTeX\tex/latex/graphics\graphicx.sty
Package: graphicx 2021/09/16 v1.2d Enhanced LaTeX Graphics (DPC,SPQR)
 (C:\Users\shepo\AppData\Local\Programs\MiKTeX\tex/latex/graphics\graphics.sty
Package: graphics 2022/03/10 v1.4e Standard LaTeX Graphics (DPC,SPQR)
 (C:\Users\shepo\AppData\Local\Programs\MiKTeX\tex/latex/graphics\trig.sty
Package: trig 2021/08/11 v1.11 sin cos tan (DPC)
) (C:\Users\shepo\AppData\Local\Programs\MiKTeX\tex/latex/graphics-cfg\graphics.cfg
File: graphics.cfg 2016/06/04 v1.11 sample graphics configuration
)
Package graphics Info: Driver file: pdftex.def on input line 107.
 (C:\Users\shepo\AppData\Local\Programs\MiKTeX\tex/latex/graphics-def\pdftex.def
File: pdftex.def 2022/09/22 v1.2b Graphics/color driver for pdftex
))
\Gin@req@height=\dimen168
\Gin@req@width=\dimen169
) (C:\Users\shepo\AppData\Local\Programs\MiKTeX\tex/latex/multirow\multirow.sty
Package: multirow 2021/03/15 v2.8 Span multiple rows of a table
\multirow@colwidth=\skip57
\multirow@cntb=\count279
\multirow@dima=\skip58
\bigstrutjot=\dimen170
) (C:\Users\shepo\AppData\Local\Programs\MiKTeX\tex/generic/babel\babel.sty
Package: babel 2023/11/11 v3.97 The Babel package
\babel@savecnt=\count280
\U@D=\dimen171
\l@unhyphenated=\language79
 (C:\Users\shepo\AppData\Local\Programs\MiKTeX\tex/generic/babel\txtbabel.def)
\bbl@readstream=\read2
\bbl@dirlevel=\count281

*************************************
* Local config file bblopts.cfg used
*
(C:\Users\shepo\AppData\Local\Programs\MiKTeX\tex/latex/arabi\bblopts.cfg
File: bblopts.cfg 2005/09/08 v0.1 add Arabic and Farsi to "declared" options of babel
) (C:\Users\shepo\AppData\Local\Programs\MiKTeX\tex/latex/babel-czech\czech.ldf
Language: czech 2008/07/06 v3.1a Czech support from the babel system
Package babel Info: Making " an active character on input line 172.
\cs@wordlen=\count282
Package babel Info: Making - an active character on input line 226.
)) (C:\Users\shepo\AppData\Local\Programs\MiKTeX\tex/generic/babel/locale/cs\babel-czech.tex
Package babel Info: Importing font and identification data for czech
(babel)             from babel-cs.ini. Reported on input line 11.
) (C:\Users\shepo\AppData\Local\Programs\MiKTeX\tex/latex/tools\xspace.sty
Package: xspace 2014/10/28 v1.13 Space after command names (DPC,MH)
) (C:\Users\shepo\AppData\Local\Programs\MiKTeX\tex/latex/url\url.sty
\Urlmuskip=\muskip17
Package: url 2013/09/16  ver 3.4  Verb mode for urls, etc.
) (C:\Users\shepo\AppData\Local\Programs\MiKTeX\tex/latex/tools\indentfirst.sty
Package: indentfirst 2023/07/02 v1.03 Indent first paragraph (DPC)
) (C:\Users\shepo\AppData\Local\Programs\MiKTeX\tex/latex/listings\listings.sty
\lst@mode=\count283
\lst@gtempboxa=\box54
\lst@token=\toks38
\lst@length=\count284
\lst@currlwidth=\dimen172
\lst@column=\count285
\lst@pos=\count286
\lst@lostspace=\dimen173
\lst@width=\dimen174
\lst@newlines=\count287
\lst@lineno=\count288
\lst@maxwidth=\dimen175
 (C:\Users\shepo\AppData\Local\Programs\MiKTeX\tex/latex/listings\lstmisc.sty
File: lstmisc.sty 2023/02/27 1.9 (Carsten Heinz)
\c@lstnumber=\count289
\lst@skipnumbers=\count290
\lst@framebox=\box55
) (C:\Users\shepo\AppData\Local\Programs\MiKTeX\tex/latex/listings\listings.cfg
File: listings.cfg 2023/02/27 1.9 listings configuration
))
Package: listings 2023/02/27 1.9 (Carsten Heinz)
 (C:\Users\shepo\AppData\Local\Programs\MiKTeX\tex/latex/caption\subcaption.sty
Package: subcaption 2023/07/28 v1.6b Sub-captions (AR)
 (C:\Users\shepo\AppData\Local\Programs\MiKTeX\tex/latex/caption\caption.sty
Package: caption 2023/08/05 v3.6o Customizing captions (AR)
 (C:\Users\shepo\AppData\Local\Programs\MiKTeX\tex/latex/caption\caption3.sty
Package: caption3 2023/07/31 v2.4d caption3 kernel (AR)
\caption@tempdima=\dimen176
\captionmargin=\dimen177
\caption@leftmargin=\dimen178
\caption@rightmargin=\dimen179
\caption@width=\dimen180
\caption@indent=\dimen181
\caption@parindent=\dimen182
\caption@hangindent=\dimen183
Package caption Info: Standard document class detected.
)
\c@caption@flags=\count291
\c@continuedfloat=\count292
Package caption Info: listings package is loaded.
)
Package caption Info: New subtype `subfigure' on input line 238.
\c@subfigure=\count293
Package caption Info: New subtype `subtable' on input line 238.
\c@subtable=\count294
) (C:\Users\shepo\AppData\Local\Programs\MiKTeX\tex/latex/tools\tabularx.sty
Package: tabularx 2023/07/08 v2.11c `tabularx' package (DPC)
 (C:\Users\shepo\AppData\Local\Programs\MiKTeX\tex/latex/tools\array.sty
Package: array 2023/10/16 v2.5g Tabular extension package (FMi)
\col@sep=\dimen184
\ar@mcellbox=\box56
\extrarowheight=\dimen185
\NC@list=\toks39
\extratabsurround=\skip59
\backup@length=\skip60
\ar@cellbox=\box57
)
\TX@col@width=\dimen186
\TX@old@table=\dimen187
\TX@old@col=\dimen188
\TX@target=\dimen189
\TX@delta=\dimen190
\TX@cols=\count295
\TX@ftn=\toks40
) (C:\Users\shepo\AppData\Local\Programs\MiKTeX\tex/latex/l3backend\l3backend-pdftex.def
File: l3backend-pdftex.def 2023-11-09 L3 backend support: PDF output (pdfTeX)
\l__color_backend_stack_int=\count296
\l__pdf_internal_box=\box58
)
No file "Fyzikální praktikum 2 (Elektrické pole, můstkové metody měření odporu) (č 3) latex".aux.
\openout1 = `"Fyzikální praktikum 2 (Elektrické pole, můstkové metody měření odporu) (č 3) latex.aux"'.

LaTeX Font Info:    Checking defaults for OML/cmm/m/it on input line 78.
LaTeX Font Info:    ... okay on input line 78.
LaTeX Font Info:    Checking defaults for OMS/cmsy/m/n on input line 78.
LaTeX Font Info:    ... okay on input line 78.
LaTeX Font Info:    Checking defaults for OT1/cmr/m/n on input line 78.
LaTeX Font Info:    ... okay on input line 78.
LaTeX Font Info:    Checking defaults for T1/cmr/m/n on input line 78.
LaTeX Font Info:    ... okay on input line 78.
LaTeX Font Info:    Checking defaults for TS1/cmr/m/n on input line 78.
LaTeX Font Info:    ... okay on input line 78.
LaTeX Font Info:    Checking defaults for OMX/cmex/m/n on input line 78.
LaTeX Font Info:    ... okay on input line 78.
LaTeX Font Info:    Checking defaults for U/cmr/m/n on input line 78.
LaTeX Font Info:    ... okay on input line 78.
*geometry* driver: auto-detecting
*geometry* detected driver: pdftex
*geometry* verbose mode - [ preamble ] result:
* driver: pdftex
* paper: a4paper
* layout: <same size as paper>
* layoutoffset:(h,v)=(0.0pt,0.0pt)
* modes: 
* h-part:(L,W,R)=(56.9055pt, 483.69687pt, 56.9055pt)
* v-part:(T,H,B)=(56.9055pt, 731.23584pt, 56.9055pt)
* \paperwidth=597.50787pt
* \paperheight=845.04684pt
* \textwidth=483.69687pt
* \textheight=731.23584pt
* \oddsidemargin=-15.36449pt
* \evensidemargin=-15.36449pt
* \topmargin=-52.36449pt
* \headheight=12.0pt
* \headsep=25.0pt
* \topskip=11.0pt
* \footskip=30.0pt
* \marginparwidth=50.0pt
* \marginparsep=10.0pt
* \columnsep=10.0pt
* \skip\footins=10.0pt plus 4.0pt minus 2.0pt
* \hoffset=0.0pt
* \voffset=0.0pt
* \mag=1000
* \@twocolumnfalse
* \@twosidefalse
* \@mparswitchfalse
* \@reversemarginfalse
* (1in=72.27pt=25.4mm, 1cm=28.453pt)

(C:\Users\shepo\AppData\Local\Programs\MiKTeX\tex/context/base/mkii\supp-pdf.mkii
[Loading MPS to PDF converter (version 2006.09.02).]
\scratchcounter=\count297
\scratchdimen=\dimen191
\scratchbox=\box59
\nofMPsegments=\count298
\nofMParguments=\count299
\everyMPshowfont=\toks41
\MPscratchCnt=\count300
\MPscratchDim=\dimen192
\MPnumerator=\count301
\makeMPintoPDFobject=\count302
\everyMPtoPDFconversion=\toks42
) (C:\Users\shepo\AppData\Local\Programs\MiKTeX\tex/latex/epstopdf-pkg\epstopdf-base.sty
Package: epstopdf-base 2020-01-24 v2.11 Base part for package epstopdf
Package epstopdf-base Info: Redefining graphics rule for `.eps' on input line 485.
 (C:\Users\shepo\AppData\Local\Programs\MiKTeX\tex/latex/00miktex\epstopdf-sys.cfg
File: epstopdf-sys.cfg 2021/03/18 v2.0 Configuration of epstopdf for MiKTeX
))
\c@lstlisting=\count303
Package caption Info: Begin \AtBeginDocument code.
Package caption Info: End \AtBeginDocument code.

Overfull \hbox (2.43333pt too wide) in paragraph at lines 95--106
 []
 []


Underfull \hbox (badness 10000) in paragraph at lines 95--106

 []


LaTeX Warning: Reference `fig:Obecné zapojení stejnosměrného můstku' on page 1 undefined on input line 131.


LaTeX Warning: Reference `fig:Můstek s lineárním potenciometrem' on page 1 undefined on input line 140.

<./images/Obecné zapojení stejnosměrného můstku.png, id=1, 321.45094pt x 305.64188pt>
File: ./images/Obecné zapojení stejnosměrného můstku.png Graphic file (type png)
<use ./images/Obecné zapojení stejnosměrného můstku.png>
Package pdftex.def Info: ./images/Obecné zapojení stejnosměrného můstku.png  used on input line 149.
(pdftex.def)             Requested size: 128.5781pt x 122.25458pt.
<./images/Můstek s lineárním potenciometrem.png, id=3, 342.5297pt x 231.11343pt>
File: ./images/Můstek s lineárním potenciometrem.png Graphic file (type png)
<use ./images/Můstek s lineárním potenciometrem.png>
Package pdftex.def Info: ./images/Můstek s lineárním potenciometrem.png  used on input line 155.
(pdftex.def)             Requested size: 137.00945pt x 92.44373pt.

Overfull \hbox (31.86667pt too wide) in paragraph at lines 128--160
[]$[]$   $[]$ 
 []

[1

{C:/Users/shepo/AppData/Local/MiKTeX/fonts/map/pdftex/pdftex.map} <./images/Obecné zapojení stejnosměrného můstku.png> <./images/Můstek s lineárním potenciometrem.png>]

LaTeX Warning: Reference `fig:Střídavý můstek pro měření v elektrolytické vaně (a). Náhradní schéma elektrolytické vany (b)' on page 2 undefined on input line 173.

<./images/Střídavý můstek pro měření v elektrolytické vaně (a). Náhradní schéma elektrolytické vany (b).png, id=22, 654.19406pt x 253.69781pt>
File: ./images/Střídavý můstek pro měření v elektrolytické vaně (a). Náhradní schéma elektrolytické vany (b).png Graphic file (type png)
<use ./images/Střídavý můstek pro měření v elektrolytické vaně (a). Náhradní schéma elektrolytické vany (b).png>
Package pdftex.def Info: ./images/Střídavý můstek pro měření v elektrolytické vaně (a). Náhradní schéma elektrolytické vany (b).png  used on input line 193.
(pdftex.def)             Requested size: 228.97134pt x 88.79556pt.
<./images/Výpočet potenciálu v bodě M od dvou válcových nekonečných vodičů s poloměrem R, mezi nimiž je rozdíl potenciálů U.png, id=23, 487.8225pt x 279.29344pt>
File: ./images/Výpočet potenciálu v bodě M od dvou válcových nekonečných vodičů s poloměrem R, mezi nimiž je rozdíl potenciálů U.png Graphic file (type png)
<use ./images/Výpočet potenciálu v bodě M od dvou válcových nekonečných vodičů s poloměrem R, mezi nimiž je rozdíl potenciálů U.png>
Package pdftex.def Info: ./images/Výpočet potenciálu v bodě M od dvou válcových nekonečných vodičů s poloměrem R, mezi nimiž je rozdíl potenciálů U.png  used on input line 202.
(pdftex.def)             Requested size: 170.74043pt x 97.75417pt.

LaTeX Warning: Reference `fig:Můstek s lineárním potenciometrem' on page 2 undefined on input line 220.


Overfull \hbox (31.86667pt too wide) in paragraph at lines 161--251
[]$[]$   $[]$ 
 []

[2 <./images/Střídavý můstek pro měření v elektrolytické vaně (a). Náhradní schéma elektrolytické vany (b).png> <./images/Výpočet potenciálu v bodě M od dvou válcových nekonečných vodičů s poloměrem R, mezi nimiž je rozdíl potenciálů U.png>]

LaTeX Warning: Reference `fig:Umístění ekvipotenciálů' on page 3 undefined on input line 312.

<./images/equipotentials.png, id=33, 1071.7641pt x 709.6914pt>
File: ./images/equipotentials.png Graphic file (type png)
<use ./images/equipotentials.png>
Package pdftex.def Info: ./images/equipotentials.png  used on input line 316.
(pdftex.def)             Requested size: 214.34901pt x 141.93576pt.

LaTeX Warning: Reference `fig:Umístění ekvipotenciálů' on page 3 undefined on input line 326.


Overfull \hbox (19.43333pt too wide) in paragraph at lines 252--328
[][] [] 
 []

[3 <./images/equipotentials.png>] (Fyzikální praktikum 2 (Elektrické pole, můstkové metody měření odporu) (č 3) latex.aux)
 ***********
LaTeX2e <2023-11-01>
L3 programming layer <2023-11-09>
 ***********


LaTeX Warning: There were undefined references.


LaTeX Warning: Label(s) may have changed. Rerun to get cross-references right.

 ) 
Here is how much of TeX's memory you used:
 7636 strings out of 474587
 133447 string characters out of 5745702
 1944558 words of memory out of 5000000
 29752 multiletter control sequences out of 15000+600000
 566472 words of font info for 65 fonts, out of 8000000 for 9000
 1141 hyphenation exceptions out of 8191
 67i,11n,77p,776b,408s stack positions out of 10000i,1000n,20000p,200000b,200000s
<C:/Users/shepo/AppData/Local/Programs/MiKTeX/fonts/type1/public/amsfonts/cm/cmbx10.pfb><C:/Users/shepo/AppData/Local/Programs/MiKTeX/fonts/type1/public/amsfonts/cm/cmbx12.pfb><C:/Users/shepo/AppData/Local/Programs/MiKTeX/fonts/type1/public/amsfonts/cm/cmex10.pfb><C:/Users/shepo/AppData/Local/Programs/MiKTeX/fonts/type1/public/amsfonts/cm/cmmi10.pfb><C:/Users/shepo/AppData/Local/Programs/MiKTeX/fonts/type1/public/amsfonts/cm/cmmi12.pfb><C:/Users/shepo/AppData/Local/Programs/MiKTeX/fonts/type1/public/amsfonts/cm/cmmi6.pfb><C:/Users/shepo/AppData/Local/Programs/MiKTeX/fonts/type1/public/amsfonts/cm/cmmi8.pfb><C:/Users/shepo/AppData/Local/Programs/MiKTeX/fonts/type1/public/amsfonts/cm/cmr10.pfb><C:/Users/shepo/AppData/Local/Programs/MiKTeX/fonts/type1/public/amsfonts/cm/cmr12.pfb><C:/Users/shepo/AppData/Local/Programs/MiKTeX/fonts/type1/public/amsfonts/cm/cmr6.pfb><C:/Users/shepo/AppData/Local/Programs/MiKTeX/fonts/type1/public/amsfonts/cm/cmr8.pfb><C:/Users/shepo/AppData/Local/Programs/MiKTeX/fonts/type1/public/amsfonts/cm/cmr9.pfb><C:/Users/shepo/AppData/Local/Programs/MiKTeX/fonts/type1/public/amsfonts/cm/cmss12.pfb><C:/Users/shepo/AppData/Local/Programs/MiKTeX/fonts/type1/public/amsfonts/cm/cmssbx10.pfb><C:/Users/shepo/AppData/Local/Programs/MiKTeX/fonts/type1/public/amsfonts/cm/cmsy10.pfb><C:/Users/shepo/AppData/Local/Programs/MiKTeX/fonts/type1/public/amsfonts/cm/cmsy8.pfb>
Output written on "Fyzikální praktikum 2 (Elektrické pole, můstkové metody měření odporu) (č 3) latex.pdf" (3 pages, 325808 bytes).
PDF statistics:
 103 PDF objects out of 1000 (max. 8388607)
 0 named destinations out of 1000 (max. 500000)
 26 words of extra memory for PDF output out of 10000 (max. 10000000)

